<?xml version="1.0" encoding="UTF-8"?>
<testsuite xmlns:xsi="http://www.w3.org/2001/XMLSchema-instance" xsi:noNamespaceSchemaLocation="https://maven.apache.org/surefire/maven-surefire-plugin/xsd/surefire-test-report-3.0.xsd" version="3.0" name="com.GestionAsisDocente.GestionAsisDocenteApplicationTests" time="23.045" tests="1" errors="0" skipped="0" failures="0">
  <properties>
[...]
</properties>
  <testcase name="contextLoads" classname="com.GestionAsisDocente.GestionAsisDocenteApplicationTests" time="0.631">
    <system-out><![CDATA[23:14:58.258 [main] INFO org.springframework.test.context.support.AnnotationConfigContextLoaderUtils -- Could not detect default configuration classes for test class [com.GestionAsisDocente.GestionAsisDocenteApplicationTests]: GestionAsisDocenteApplicationTests does not declare any static, non-private, non-final, nested classes annotated with @Configuration.
23:14:58.340 [main] INFO org.springframework.boot.test.context.SpringBootTestContextBootstrapper -- Found @SpringBootConfiguration com.GestionAsisDocente.GestionAsisDocenteApplication for test class com.GestionAsisDocente.GestionAsisDocenteApplicationTests
  .   ____          _            __ _ _
 /\\ / ___'_ __ _ _(_)_ __  __ _ \ \ \ \
( ( )\___ | '_ | '_| | '_ \/ _` | \ \ \ \
 \\/  ___)| |_)| | | | | || (_| |  ) ) ) )
  '  |____| .__|_| |_|_| |_\__, | / / / /
 =========|_|==============|___/=/_/_/_/

 :: Spring Boot ::                (v3.3.0)

2024-06-16T23:14:58.755-04:00  INFO 29220 --- [GestionAsisDocente] [           main] c.G.GestionAsisDocenteApplicationTests   : Starting GestionAsisDocenteApplicationTests using Java 17.0.9 with PID 29220 (started by Usuario in F:\SI2 PROYECTO PARCIAL 2\BackEnd\GestionAsisDocente)
2024-06-16T23:14:58.756-04:00  INFO 29220 --- [GestionAsisDocente] [           main] c.G.GestionAsisDocenteApplicationTests   : No active profile set, falling back to 1 default profile: "default"
2024-06-16T23:14:59.313-04:00  INFO 29220 --- [GestionAsisDocente] [           main] .s.d.r.c.RepositoryConfigurationDelegate : Bootstrapping Spring Data JPA repositories in DEFAULT mode.
2024-06-16T23:14:59.387-04:00  INFO 29220 --- [GestionAsisDocente] [           main] .s.d.r.c.RepositoryConfigurationDelegate : Finished Spring Data repository scanning in 65 ms. Found 14 JPA repository interfaces.
2024-06-16T23:14:59.957-04:00  INFO 29220 --- [GestionAsisDocente] [           main] o.hibernate.jpa.internal.util.LogHelper  : HHH000204: Processing PersistenceUnitInfo [name: default]
2024-06-16T23:15:00.304-04:00  INFO 29220 --- [GestionAsisDocente] [           main] org.hibernate.Version                    : HHH000412: Hibernate ORM core version 6.5.2.Final
2024-06-16T23:15:00.448-04:00  INFO 29220 --- [GestionAsisDocente] [           main] o.h.c.internal.RegionFactoryInitiator    : HHH000026: Second-level cache disabled
2024-06-16T23:15:01.203-04:00  INFO 29220 --- [GestionAsisDocente] [           main] o.s.o.j.p.SpringPersistenceUnitInfo      : No LoadTimeWeaver setup: ignoring JPA class transformer
2024-06-16T23:15:01.288-04:00  INFO 29220 --- [GestionAsisDocente] [           main] com.zaxxer.hikari.HikariDataSource       : HikariPool-1 - Starting...
2024-06-16T23:15:01.417-04:00  INFO 29220 --- [GestionAsisDocente] [           main] com.zaxxer.hikari.pool.HikariPool        : HikariPool-1 - Added connection com.mysql.cj.jdbc.ConnectionImpl@1752e45c
2024-06-16T23:15:01.418-04:00  INFO 29220 --- [GestionAsisDocente] [           main] com.zaxxer.hikari.HikariDataSource       : HikariPool-1 - Start completed.
2024-06-16T23:15:01.509-04:00  WARN 29220 --- [GestionAsisDocente] [           main] org.hibernate.dialect.Dialect            : HHH000511: The 5.5.5 version for [org.hibernate.dialect.MySQLDialect] is no longer supported, hence certain features may not work properly. The minimum supported version is 8.0.0. Check the community dialects project for available legacy versions.
2024-06-16T23:15:01.519-04:00  WARN 29220 --- [GestionAsisDocente] [           main] org.hibernate.orm.deprecation            : HHH90000025: MySQLDialect does not need to be specified explicitly using 'hibernate.dialect' (remove the property setting and it will be selected by default)
2024-06-16T23:15:03.341-04:00  INFO 29220 --- [GestionAsisDocente] [           main] o.h.e.t.j.p.i.JtaPlatformInitiator       : HHH000489: No JTA platform available (set 'hibernate.transaction.jta.platform' to enable JTA platform integration)
Hibernate: alter table asistencias drop foreign key FK5dygnky3wwvou48yk6kffx0jt
Hibernate: alter table aulas drop foreign key FK5mcbd5kimd5m4nfqsnxw9lseh
Hibernate: alter table carrera_materia drop foreign key FKc2jitq3k8n4fyglcjhddnbdm7
Hibernate: alter table carrera_materia drop foreign key FKr24pb7v8tuk6gei2u6jfecy4m
Hibernate: alter table docente_materias drop foreign key FKidapho223xt9hpbyfct6gndpt
Hibernate: alter table docente_materias drop foreign key FKe1mpb14g7bubtrpjx3c8i5hf6
Hibernate: alter table docente_materias drop foreign key FKtloio0dthlj6en002hpxlv5aj
Hibernate: alter table docente_materias drop foreign key FK4dl1gbqin6qsakriioj4clh8g
Hibernate: alter table docente_materias drop foreign key FKi3lc26as8xd27a3cxmpia0j9h
Hibernate: alter table docente_materias drop foreign key FKdm6ylg2be0qxn3dekka5i0guq
Hibernate: alter table licencias drop foreign key FKrd1pjylqpcrfmxyayrcblpqqo
Hibernate: alter table modulos drop foreign key FKdud5ibr3sx38f5k9f03y180hy
Hibernate: alter table rol_user drop foreign key FKtd2vqggul03hwct6ql08nhb2
Hibernate: alter table rol_user drop foreign key FKlekpvss16ra0dgdxucrc4t87m
Hibernate: alter table role_permissions drop foreign key FKdn6bm0cvywcevs7onymowbhx9
Hibernate: alter table role_permissions drop foreign key FKn5fotdgk8d1xvo8nav9uv3muc
Hibernate: drop table if exists asistencias
Hibernate: drop table if exists aulas
Hibernate: drop table if exists carrera_materia
Hibernate: drop table if exists carreras
Hibernate: drop table if exists docente_materias
Hibernate: drop table if exists facultades
Hibernate: drop table if exists licencias
Hibernate: drop table if exists materias
Hibernate: drop table if exists modulos
Hibernate: drop table if exists ourusers
Hibernate: drop table if exists permisos
Hibernate: drop table if exists products
Hibernate: drop table if exists rol_user
Hibernate: drop table if exists role_permissions
Hibernate: drop table if exists roles
Hibernate: drop table if exists roles_permisos
Hibernate: create table asistencias (docente_materia_id integer not null, id integer not null auto_increment, estado varchar(255), fecha varchar(255), hora_marcada varchar(255), primary key (id)) engine=InnoDB
Hibernate: create table aulas (capacidad integer, id integer not null auto_increment, modulo_id integer, numero integer, piso integer, descripcion varchar(255), primary key (id)) engine=InnoDB
Hibernate: create table carrera_materia (carrera_id integer not null, materia_id integer not null, primary key (carrera_id, materia_id)) engine=InnoDB
Hibernate: create table carreras (id integer not null auto_increment, codigo varchar(255), nombre varchar(255), primary key (id)) engine=InnoDB
Hibernate: create table docente_materias (aula_id integer not null, carrera_id integer not null, docente_id integer not null, facultad_id integer not null, id integer not null auto_increment, materia_id integer not null, modulo_id integer not null, dia varchar(255), grupo varchar(255), horario_fin varchar(255), horario_inicio varchar(255), primary key (id)) engine=InnoDB
Hibernate: create table facultades (id integer not null auto_increment, descripcion varchar(255), nombre varchar(255), primary key (id)) engine=InnoDB
Hibernate: create table licencias (docente_materia_id integer not null, id integer not null auto_increment, estado varchar(255), fecha varchar(255), motivo varchar(255), primary key (id)) engine=InnoDB
Hibernate: create table materias (id integer not null auto_increment, nombre varchar(255), sigla varchar(255), primary key (id)) engine=InnoDB
Hibernate: create table modulos (facultad_id integer, id integer not null auto_increment, numero integer, descripcion varchar(255), ubicacion varchar(255), primary key (id)) engine=InnoDB
Hibernate: create table ourusers (id integer not null auto_increment, email varchar(255), name varchar(255), password varchar(255), role varchar(255), primary key (id)) engine=InnoDB
Hibernate: create table permisos (id integer not null auto_increment, nombre varchar(255), primary key (id)) engine=InnoDB
Hibernate: create table products (id integer not null auto_increment, name varchar(255), primary key (id)) engine=InnoDB
Hibernate: create table rol_user (id integer not null auto_increment, rol_id integer not null, user_id integer not null, primary key (id)) engine=InnoDB
Hibernate: create table role_permissions (permissions_id integer not null, role_id integer not null) engine=InnoDB
Hibernate: create table roles (id integer not null auto_increment, nombre varchar(255), primary key (id)) engine=InnoDB
Hibernate: create table roles_permisos (permiso_id integer not null, rol_id integer not null, primary key (permiso_id, rol_id)) engine=InnoDB
Hibernate: alter table asistencias add constraint FK5dygnky3wwvou48yk6kffx0jt foreign key (docente_materia_id) references docente_materias (id)
Hibernate: alter table aulas add constraint FK5mcbd5kimd5m4nfqsnxw9lseh foreign key (modulo_id) references modulos (id)
Hibernate: alter table carrera_materia add constraint FKc2jitq3k8n4fyglcjhddnbdm7 foreign key (materia_id) references materias (id)
Hibernate: alter table carrera_materia add constraint FKr24pb7v8tuk6gei2u6jfecy4m foreign key (carrera_id) references carreras (id)
Hibernate: alter table docente_materias add constraint FKidapho223xt9hpbyfct6gndpt foreign key (aula_id) references aulas (id)
Hibernate: alter table docente_materias add constraint FKe1mpb14g7bubtrpjx3c8i5hf6 foreign key (carrera_id) references carreras (id)
Hibernate: alter table docente_materias add constraint FKtloio0dthlj6en002hpxlv5aj foreign key (docente_id) references ourusers (id)
Hibernate: alter table docente_materias add constraint FK4dl1gbqin6qsakriioj4clh8g foreign key (facultad_id) references facultades (id)
Hibernate: alter table docente_materias add constraint FKi3lc26as8xd27a3cxmpia0j9h foreign key (materia_id) references materias (id)
Hibernate: alter table docente_materias add constraint FKdm6ylg2be0qxn3dekka5i0guq foreign key (modulo_id) references modulos (id)
Hibernate: alter table licencias add constraint FKrd1pjylqpcrfmxyayrcblpqqo foreign key (docente_materia_id) references docente_materias (id)
Hibernate: alter table modulos add constraint FKdud5ibr3sx38f5k9f03y180hy foreign key (facultad_id) references facultades (id)
Hibernate: alter table rol_user add constraint FKtd2vqggul03hwct6ql08nhb2 foreign key (rol_id) references roles (id)
Hibernate: alter table rol_user add constraint FKlekpvss16ra0dgdxucrc4t87m foreign key (user_id) references ourusers (id)
Hibernate: alter table role_permissions add constraint FKdn6bm0cvywcevs7onymowbhx9 foreign key (permissions_id) references permisos (id)
Hibernate: alter table role_permissions add constraint FKn5fotdgk8d1xvo8nav9uv3muc foreign key (role_id) references roles (id)
2024-06-16T23:15:16.252-04:00  INFO 29220 --- [GestionAsisDocente] [           main] j.LocalContainerEntityManagerFactoryBean : Initialized JPA EntityManagerFactory for persistence unit 'default'
2024-06-16T23:15:17.008-04:00  INFO 29220 --- [GestionAsisDocente] [           main] eAuthenticationProviderManagerConfigurer : Global AuthenticationManager configured with AuthenticationProvider bean with name authenticationProvider
2024-06-16T23:15:17.010-04:00  WARN 29220 --- [GestionAsisDocente] [           main] r$InitializeUserDetailsManagerConfigurer : Global AuthenticationManager configured with an AuthenticationProvider bean. UserDetailsService beans will not be used for username/password login. Consider removing the AuthenticationProvider bean. Alternatively, consider using the UserDetailsService in a manually instantiated DaoAuthenticationProvider.
2024-06-16T23:15:17.184-04:00  WARN 29220 --- [GestionAsisDocente] [           main] JpaBaseConfiguration$JpaWebConfiguration : spring.jpa.open-in-view is enabled by default. Therefore, database queries may be performed during view rendering. Explicitly configure spring.jpa.open-in-view to disable this warning
2024-06-16T23:15:17.765-04:00  INFO 29220 --- [GestionAsisDocente] [           main] o.s.s.web.DefaultSecurityFilterChain     : Will secure any request with [org.springframework.security.web.session.DisableEncodeUrlFilter@27b7913, org.springframework.security.web.context.request.async.WebAsyncManagerIntegrationFilter@4d86f330, org.springframework.security.web.context.SecurityContextHolderFilter@33293b34, org.springframework.security.web.header.HeaderWriterFilter@516370c1, org.springframework.web.filter.CorsFilter@1e8b0ab5, org.springframework.security.web.authentication.logout.LogoutFilter@1ddc5857, com.GestionAsisDocente.config.JWTAuthFIlter@4ee1c29a, org.springframework.security.web.savedrequest.RequestCacheAwareFilter@344f4a82, org.springframework.security.web.servletapi.SecurityContextHolderAwareRequestFilter@2d7df55, org.springframework.security.web.authentication.AnonymousAuthenticationFilter@7ef34eb3, org.springframework.security.web.session.SessionManagementFilter@28be7db5, org.springframework.security.web.access.ExceptionTranslationFilter@4fd70118, org.springframework.security.web.access.intercept.AuthorizationFilter@4ff00844]
2024-06-16T23:15:18.227-04:00  INFO 29220 --- [GestionAsisDocente] [           main] c.G.GestionAsisDocenteApplicationTests   : Started GestionAsisDocenteApplicationTests in 19.633 seconds (process running for 20.482)
Hibernate: select count(*) from facultades f1_0
Hibernate: insert into facultades (descripcion,nombre) values (?,?)
Hibernate: insert into facultades (descripcion,nombre) values (?,?)
Hibernate: select count(*) from ourusers ou1_0
Hibernate: insert into ourusers (email,name,password,role) values (?,?,?,?)
Hibernate: insert into ourusers (email,name,password,role) values (?,?,?,?)
Hibernate: select count(*) from modulos m1_0
Hibernate: select f1_0.id,f1_0.descripcion,f1_0.nombre from facultades f1_0 where f1_0.id=?
Hibernate: select f1_0.id,f1_0.descripcion,f1_0.nombre from facultades f1_0 where f1_0.id=?
Hibernate: insert into modulos (descripcion,facultad_id,numero,ubicacion) values (?,?,?,?)
Hibernate: insert into modulos (descripcion,facultad_id,numero,ubicacion) values (?,?,?,?)
Hibernate: select count(*) from aulas a1_0
Hibernate: select m1_0.id,m1_0.descripcion,f1_0.id,f1_0.descripcion,f1_0.nombre,m1_0.numero,m1_0.ubicacion from modulos m1_0 left join facultades f1_0 on f1_0.id=m1_0.facultad_id where m1_0.id=?
Hibernate: insert into aulas (capacidad,descripcion,modulo_id,numero,piso) values (?,?,?,?,?)
Hibernate: select count(*) from carreras c1_0
Hibernate: insert into carreras (codigo,nombre) values (?,?)
Hibernate: select count(*) from materias m1_0
Hibernate: insert into materias (nombre,sigla) values (?,?)
Hibernate: select count(*) from permisos p1_0
Hibernate: insert into permisos (nombre) values (?)
Hibernate: insert into permisos (nombre) values (?)
Hibernate: insert into permisos (nombre) values (?)
Hibernate: insert into permisos (nombre) values (?)
Hibernate: insert into permisos (nombre) values (?)
Hibernate: insert into permisos (nombre) values (?)
Hibernate: insert into permisos (nombre) values (?)
Hibernate: insert into permisos (nombre) values (?)
Hibernate: insert into permisos (nombre) values (?)
Hibernate: insert into permisos (nombre) values (?)
Hibernate: insert into permisos (nombre) values (?)
Hibernate: insert into permisos (nombre) values (?)
Hibernate: insert into permisos (nombre) values (?)
Hibernate: insert into permisos (nombre) values (?)
Hibernate: insert into permisos (nombre) values (?)
Hibernate: insert into permisos (nombre) values (?)
Hibernate: insert into permisos (nombre) values (?)
Hibernate: insert into permisos (nombre) values (?)
Hibernate: insert into permisos (nombre) values (?)
Hibernate: insert into permisos (nombre) values (?)
Hibernate: insert into permisos (nombre) values (?)
Hibernate: insert into permisos (nombre) values (?)
Hibernate: insert into permisos (nombre) values (?)
Hibernate: insert into permisos (nombre) values (?)
Hibernate: insert into permisos (nombre) values (?)
Hibernate: insert into permisos (nombre) values (?)
Hibernate: insert into permisos (nombre) values (?)
Hibernate: insert into permisos (nombre) values (?)
Hibernate: select count(*) from roles r1_0
Hibernate: select p1_0.id,p1_0.nombre from permisos p1_0
Hibernate: insert into roles (nombre) values (?)
Hibernate: insert into role_permissions (role_id,permissions_id) values (?,?)
Hibernate: insert into role_permissions (role_id,permissions_id) values (?,?)
Hibernate: insert into role_permissions (role_id,permissions_id) values (?,?)
Hibernate: insert into role_permissions (role_id,permissions_id) values (?,?)
Hibernate: insert into role_permissions (role_id,permissions_id) values (?,?)
Hibernate: insert into role_permissions (role_id,permissions_id) values (?,?)
Hibernate: insert into role_permissions (role_id,permissions_id) values (?,?)
Hibernate: insert into role_permissions (role_id,permissions_id) values (?,?)
Hibernate: insert into role_permissions (role_id,permissions_id) values (?,?)
Hibernate: insert into role_permissions (role_id,permissions_id) values (?,?)
Hibernate: insert into role_permissions (role_id,permissions_id) values (?,?)
Hibernate: insert into role_permissions (role_id,permissions_id) values (?,?)
Hibernate: insert into role_permissions (role_id,permissions_id) values (?,?)
Hibernate: insert into role_permissions (role_id,permissions_id) values (?,?)
Hibernate: insert into role_permissions (role_id,permissions_id) values (?,?)
Hibernate: insert into role_permissions (role_id,permissions_id) values (?,?)
Hibernate: insert into role_permissions (role_id,permissions_id) values (?,?)
Hibernate: insert into role_permissions (role_id,permissions_id) values (?,?)
Hibernate: insert into role_permissions (role_id,permissions_id) values (?,?)
Hibernate: insert into role_permissions (role_id,permissions_id) values (?,?)
Hibernate: insert into role_permissions (role_id,permissions_id) values (?,?)
Hibernate: insert into role_permissions (role_id,permissions_id) values (?,?)
Hibernate: insert into role_permissions (role_id,permissions_id) values (?,?)
Hibernate: insert into role_permissions (role_id,permissions_id) values (?,?)
Hibernate: insert into role_permissions (role_id,permissions_id) values (?,?)
Hibernate: insert into role_permissions (role_id,permissions_id) values (?,?)
Hibernate: insert into role_permissions (role_id,permissions_id) values (?,?)
Hibernate: insert into role_permissions (role_id,permissions_id) values (?,?)
Hibernate: select p1_0.id,p1_0.nombre from permisos p1_0
Hibernate: insert into roles (nombre) values (?)
Hibernate: insert into role_permissions (role_id,permissions_id) values (?,?)
Hibernate: insert into role_permissions (role_id,permissions_id) values (?,?)
Hibernate: insert into role_permissions (role_id,permissions_id) values (?,?)
Hibernate: insert into role_permissions (role_id,permissions_id) values (?,?)
Hibernate: insert into role_permissions (role_id,permissions_id) values (?,?)
]]></system-out>
  </testcase>
</testsuite>